<?xml version="1.0" encoding="UTF-8"?>
<!-- Generated by org.testng.reporters.JUnitXMLReporter -->
<testsuite ignored="0" hostname="DESKTOP-2O8HHEU" failures="1" tests="1" name="ChromeTest" time="21.768" errors="0" timestamp="2023-05-05T21:13:44 IST">
  <testcase classname="org.Test.crossbrowser" name="tc1" time="21.616">
    <failure type="org.openqa.selenium.SessionNotCreatedException" message="session not created: This version of ChromeDriver only supports Chrome version 113
Current browser version is 112.0.5615.139 with binary path C:\Program Files\Google\Chrome\Application\chrome.exe
Build info: version: &amp;apos;3.141.59&amp;apos;, revision: &amp;apos;e82be7d358&amp;apos;, time: &amp;apos;2018-11-14T08:17:03&amp;apos;
System info: host: &amp;apos;DESKTOP-2O8HHEU&amp;apos;, ip: &amp;apos;192.168.1.65&amp;apos;, os.name: &amp;apos;Windows 10&amp;apos;, os.arch: &amp;apos;amd64&amp;apos;, os.version: &amp;apos;10.0&amp;apos;, java.version: &amp;apos;17.0.6&amp;apos;
Driver info: driver.version: ChromeDriver
remote stacktrace: Backtrace:
	GetHandleVerifier [0x00248893+48451]
	(No symbol) [0x001DB8A1]
	(No symbol) [0x000E5058]
	(No symbol) [0x00105D9C]
	(No symbol) [0x00101AA3]
	(No symbol) [0x00100019]
	(No symbol) [0x00130798]
	(No symbol) [0x0013047C]
	(No symbol) [0x0012A0B6]
	(No symbol) [0x00107E08]
	(No symbol) [0x00108F2D]
	GetHandleVerifier [0x004A8E3A+2540266]
	GetHandleVerifier [0x004E8959+2801161]
	GetHandleVerifier [0x004E295C+2776588]
	GetHandleVerifier [0x002D2280+612144]
	(No symbol) [0x001E4F6C]
	(No symbol) [0x001E11D8]
	(No symbol) [0x001E12BB]
	(No symbol) [0x001D4857]
	BaseThreadInitThunk [0x76598654+36]
	RtlGetAppContainerNamedObjectPath [0x77294A47+311]
	RtlGetAppContainerNamedObjectPath [0x77294A17+263]
	(No symbol) [0x00000000]
">
      <![CDATA[org.openqa.selenium.SessionNotCreatedException: session not created: This version of ChromeDriver only supports Chrome version 113
Current browser version is 112.0.5615.139 with binary path C:\Program Files\Google\Chrome\Application\chrome.exe
Build info: version: '3.141.59', revision: 'e82be7d358', time: '2018-11-14T08:17:03'
System info: host: 'DESKTOP-2O8HHEU', ip: '192.168.1.65', os.name: 'Windows 10', os.arch: 'amd64', os.version: '10.0', java.version: '17.0.6'
Driver info: driver.version: ChromeDriver
remote stacktrace: Backtrace:
GetHandleVerifier [0x00248893+48451]
(No symbol) [0x001DB8A1]
(No symbol) [0x000E5058]
(No symbol) [0x00105D9C]
(No symbol) [0x00101AA3]
(No symbol) [0x00100019]
(No symbol) [0x00130798]
(No symbol) [0x0013047C]
(No symbol) [0x0012A0B6]
(No symbol) [0x00107E08]
(No symbol) [0x00108F2D]
GetHandleVerifier [0x004A8E3A+2540266]
GetHandleVerifier [0x004E8959+2801161]
GetHandleVerifier [0x004E295C+2776588]
GetHandleVerifier [0x002D2280+612144]
(No symbol) [0x001E4F6C]
(No symbol) [0x001E11D8]
(No symbol) [0x001E12BB]
(No symbol) [0x001D4857]
BaseThreadInitThunk [0x76598654+36]
RtlGetAppContainerNamedObjectPath [0x77294A47+311]
RtlGetAppContainerNamedObjectPath [0x77294A17+263]
(No symbol) [0x00000000]

at org.openqa.selenium.remote.W3CHandshakeResponse.lambda$errorHandler$0(W3CHandshakeResponse.java:62)
at org.openqa.selenium.remote.HandshakeResponse.lambda$getResponseFunction$0(HandshakeResponse.java:30)
at org.openqa.selenium.remote.ProtocolHandshake.lambda$createSession$0(ProtocolHandshake.java:126)
at java.base/java.util.stream.ReferencePipeline$3$1.accept(ReferencePipeline.java:197)
at java.base/java.util.Spliterators$ArraySpliterator.tryAdvance(Spliterators.java:1002)
at java.base/java.util.stream.ReferencePipeline.forEachWithCancel(ReferencePipeline.java:129)
at java.base/java.util.stream.AbstractPipeline.copyIntoWithCancel(AbstractPipeline.java:527)
at java.base/java.util.stream.AbstractPipeline.copyInto(AbstractPipeline.java:513)
at java.base/java.util.stream.AbstractPipeline.wrapAndCopyInto(AbstractPipeline.java:499)
at java.base/java.util.stream.FindOps$FindOp.evaluateSequential(FindOps.java:150)
at java.base/java.util.stream.AbstractPipeline.evaluate(AbstractPipeline.java:234)
at java.base/java.util.stream.ReferencePipeline.findFirst(ReferencePipeline.java:647)
at org.openqa.selenium.remote.ProtocolHandshake.createSession(ProtocolHandshake.java:128)
at org.openqa.selenium.remote.ProtocolHandshake.createSession(ProtocolHandshake.java:74)
at org.openqa.selenium.remote.HttpCommandExecutor.execute(HttpCommandExecutor.java:136)
at org.openqa.selenium.remote.service.DriverCommandExecutor.execute(DriverCommandExecutor.java:83)
at org.openqa.selenium.remote.RemoteWebDriver.execute(RemoteWebDriver.java:552)
at org.openqa.selenium.remote.RemoteWebDriver.startSession(RemoteWebDriver.java:213)
at org.openqa.selenium.remote.RemoteWebDriver.<init>(RemoteWebDriver.java:131)
at org.openqa.selenium.chrome.ChromeDriver.<init>(ChromeDriver.java:181)
at org.openqa.selenium.chrome.ChromeDriver.<init>(ChromeDriver.java:168)
at org.openqa.selenium.chrome.ChromeDriver.<init>(ChromeDriver.java:123)
at org.Test.crossbrowser.tc1(crossbrowser.java:21)
at java.base/java.util.ArrayList.forEach(ArrayList.java:1511)
at java.base/java.util.concurrent.FutureTask.run(FutureTask.java:264)
at java.base/java.util.concurrent.ThreadPoolExecutor.runWorker(ThreadPoolExecutor.java:1136)
at java.base/java.util.concurrent.ThreadPoolExecutor$Worker.run(ThreadPoolExecutor.java:635)
at java.base/java.lang.Thread.run(Thread.java:833)
... Removed 23 stack frames]]>
    </failure>
  </testcase> <!-- tc1 -->
</testsuite> <!-- ChromeTest -->
