<?xml version="1.0" encoding="UTF-8"?>
<!-- Generated by org.testng.reporters.JUnitXMLReporter -->
<testsuite ignored="0" hostname="DESKTOP-2O8HHEU" failures="1" tests="1" name="EdgeTest" time="15.505" errors="0" timestamp="2023-05-05T21:13:38 IST">
  <testcase classname="org.Test.crossbrowser" name="tc1" time="15.343">
    <failure type="org.openqa.selenium.WebDriverException" message="unknown error: cannot find msedge binary
Build info: version: &amp;apos;3.141.59&amp;apos;, revision: &amp;apos;e82be7d358&amp;apos;, time: &amp;apos;2018-11-14T08:17:03&amp;apos;
System info: host: &amp;apos;DESKTOP-2O8HHEU&amp;apos;, ip: &amp;apos;192.168.1.65&amp;apos;, os.name: &amp;apos;Windows 10&amp;apos;, os.arch: &amp;apos;amd64&amp;apos;, os.version: &amp;apos;10.0&amp;apos;, java.version: &amp;apos;17.0.6&amp;apos;
Driver info: driver.version: EdgeDriver
remote stacktrace: Backtrace:
	GetHandleVerifier [0x00007FF626D5DB32+60274]
	Microsoft::Applications::Events::EventProperty::~EventProperty [0x00007FF626CEE792+818882]
	(No symbol) [0x00007FF62696DFAE]
	(No symbol) [0x00007FF626997DDD]
	(No symbol) [0x00007FF62699440A]
	(No symbol) [0x00007FF6269D7341]
	(No symbol) [0x00007FF6269CF343]
	(No symbol) [0x00007FF6269A1796]
	(No symbol) [0x00007FF6269A0975]
	(No symbol) [0x00007FF6269A1F04]
	Microsoft::Applications::Events::EventProperties::SetLevel [0x00007FF626BF6C17+1676711]
	Microsoft::Applications::Events::EventProperties::SetLevel [0x00007FF626A9EEDD+268397]
	Microsoft::Applications::Events::EventProperty::~EventProperty [0x00007FF626C2F927+36951]
	Microsoft::Applications::Events::EventProperty::~EventProperty [0x00007FF626C27A35+4453]
	Microsoft::Applications::Events::ILogManager::DispatchEventBroadcast [0x00007FF626F27ED3+1319011]
	Microsoft::Applications::Events::EventProperty::~EventProperty [0x00007FF626CF684C+851836]
	Microsoft::Applications::Events::EventProperty::~EventProperty [0x00007FF626CF28B4+835556]
	Microsoft::Applications::Events::EventProperty::~EventProperty [0x00007FF626CF2A0C+835900]
	Microsoft::Applications::Events::EventProperty::~EventProperty [0x00007FF626CE85E1+793873]
	BaseThreadInitThunk [0x00007FF9C7781FE4+20]
	RtlUserThreadStart [0x00007FF9C9D0EF91+33]
">
      <![CDATA[org.openqa.selenium.WebDriverException: unknown error: cannot find msedge binary
Build info: version: '3.141.59', revision: 'e82be7d358', time: '2018-11-14T08:17:03'
System info: host: 'DESKTOP-2O8HHEU', ip: '192.168.1.65', os.name: 'Windows 10', os.arch: 'amd64', os.version: '10.0', java.version: '17.0.6'
Driver info: driver.version: EdgeDriver
remote stacktrace: Backtrace:
GetHandleVerifier [0x00007FF626D5DB32+60274]
Microsoft::Applications::Events::EventProperty::~EventProperty [0x00007FF626CEE792+818882]
(No symbol) [0x00007FF62696DFAE]
(No symbol) [0x00007FF626997DDD]
(No symbol) [0x00007FF62699440A]
(No symbol) [0x00007FF6269D7341]
(No symbol) [0x00007FF6269CF343]
(No symbol) [0x00007FF6269A1796]
(No symbol) [0x00007FF6269A0975]
(No symbol) [0x00007FF6269A1F04]
Microsoft::Applications::Events::EventProperties::SetLevel [0x00007FF626BF6C17+1676711]
Microsoft::Applications::Events::EventProperties::SetLevel [0x00007FF626A9EEDD+268397]
Microsoft::Applications::Events::EventProperty::~EventProperty [0x00007FF626C2F927+36951]
Microsoft::Applications::Events::EventProperty::~EventProperty [0x00007FF626C27A35+4453]
Microsoft::Applications::Events::ILogManager::DispatchEventBroadcast [0x00007FF626F27ED3+1319011]
Microsoft::Applications::Events::EventProperty::~EventProperty [0x00007FF626CF684C+851836]
Microsoft::Applications::Events::EventProperty::~EventProperty [0x00007FF626CF28B4+835556]
Microsoft::Applications::Events::EventProperty::~EventProperty [0x00007FF626CF2A0C+835900]
Microsoft::Applications::Events::EventProperty::~EventProperty [0x00007FF626CE85E1+793873]
BaseThreadInitThunk [0x00007FF9C7781FE4+20]
RtlUserThreadStart [0x00007FF9C9D0EF91+33]

at org.openqa.selenium.remote.W3CHandshakeResponse.lambda$errorHandler$0(W3CHandshakeResponse.java:62)
at org.openqa.selenium.remote.HandshakeResponse.lambda$getResponseFunction$0(HandshakeResponse.java:30)
at org.openqa.selenium.remote.ProtocolHandshake.lambda$createSession$0(ProtocolHandshake.java:126)
at java.base/java.util.stream.ReferencePipeline$3$1.accept(ReferencePipeline.java:197)
at java.base/java.util.Spliterators$ArraySpliterator.tryAdvance(Spliterators.java:1002)
at java.base/java.util.stream.ReferencePipeline.forEachWithCancel(ReferencePipeline.java:129)
at java.base/java.util.stream.AbstractPipeline.copyIntoWithCancel(AbstractPipeline.java:527)
at java.base/java.util.stream.AbstractPipeline.copyInto(AbstractPipeline.java:513)
at java.base/java.util.stream.AbstractPipeline.wrapAndCopyInto(AbstractPipeline.java:499)
at java.base/java.util.stream.FindOps$FindOp.evaluateSequential(FindOps.java:150)
at java.base/java.util.stream.AbstractPipeline.evaluate(AbstractPipeline.java:234)
at java.base/java.util.stream.ReferencePipeline.findFirst(ReferencePipeline.java:647)
at org.openqa.selenium.remote.ProtocolHandshake.createSession(ProtocolHandshake.java:128)
at org.openqa.selenium.remote.ProtocolHandshake.createSession(ProtocolHandshake.java:74)
at org.openqa.selenium.remote.HttpCommandExecutor.execute(HttpCommandExecutor.java:136)
at org.openqa.selenium.remote.service.DriverCommandExecutor.execute(DriverCommandExecutor.java:83)
at org.openqa.selenium.remote.RemoteWebDriver.execute(RemoteWebDriver.java:552)
at org.openqa.selenium.remote.RemoteWebDriver.startSession(RemoteWebDriver.java:213)
at org.openqa.selenium.remote.RemoteWebDriver.<init>(RemoteWebDriver.java:131)
at org.openqa.selenium.edge.EdgeDriver.<init>(EdgeDriver.java:141)
at org.openqa.selenium.edge.EdgeDriver.<init>(EdgeDriver.java:96)
at org.Test.crossbrowser.tc1(crossbrowser.java:29)
at java.base/java.util.ArrayList.forEach(ArrayList.java:1511)
at java.base/java.util.concurrent.FutureTask.run(FutureTask.java:264)
at java.base/java.util.concurrent.ThreadPoolExecutor.runWorker(ThreadPoolExecutor.java:1136)
at java.base/java.util.concurrent.ThreadPoolExecutor$Worker.run(ThreadPoolExecutor.java:635)
at java.base/java.lang.Thread.run(Thread.java:833)
... Removed 23 stack frames]]>
    </failure>
  </testcase> <!-- tc1 -->
</testsuite> <!-- EdgeTest -->
