<?xml version="1.0" encoding="UTF-8"?>
<testng-results ignored="0" total="3" passed="1" failed="2" skipped="0">
  <reporter-output>
  </reporter-output>
  <suite started-at="2023-05-05T21:13:23 IST" name="Suite" finished-at="2023-05-05T21:14:17 IST" duration-ms="54700">
    <groups>
    </groups>
    <test started-at="2023-05-05T21:13:23 IST" name="EdgeTest" finished-at="2023-05-05T21:13:38 IST" duration-ms="15505">
      <class name="org.Test.crossbrowser">
        <test-method signature="tc1(java.lang.String)[pri:0, instance:org.Test.crossbrowser@23c30a20]" started-at="2023-05-05T21:13:23 IST" name="tc1" finished-at="2023-05-05T21:13:38 IST" duration-ms="15343" status="FAIL">
          <params>
            <param index="0">
              <value>
                <![CDATA[edgebrowser]]>
              </value>
            </param>
          </params>
          <exception class="org.openqa.selenium.WebDriverException">
            <message>
              <![CDATA[unknown error: cannot find msedge binary
Build info: version: '3.141.59', revision: 'e82be7d358', time: '2018-11-14T08:17:03'
System info: host: 'DESKTOP-2O8HHEU', ip: '192.168.1.65', os.name: 'Windows 10', os.arch: 'amd64', os.version: '10.0', java.version: '17.0.6'
Driver info: driver.version: EdgeDriver
remote stacktrace: Backtrace:
GetHandleVerifier [0x00007FF626D5DB32+60274]
Microsoft::Applications::Events::EventProperty::~EventProperty [0x00007FF626CEE792+818882]
(No symbol) [0x00007FF62696DFAE]
(No symbol) [0x00007FF626997DDD]
(No symbol) [0x00007FF62699440A]
(No symbol) [0x00007FF6269D7341]
(No symbol) [0x00007FF6269CF343]
(No symbol) [0x00007FF6269A1796]
(No symbol) [0x00007FF6269A0975]
(No symbol) [0x00007FF6269A1F04]
Microsoft::Applications::Events::EventProperties::SetLevel [0x00007FF626BF6C17+1676711]
Microsoft::Applications::Events::EventProperties::SetLevel [0x00007FF626A9EEDD+268397]
Microsoft::Applications::Events::EventProperty::~EventProperty [0x00007FF626C2F927+36951]
Microsoft::Applications::Events::EventProperty::~EventProperty [0x00007FF626C27A35+4453]
Microsoft::Applications::Events::ILogManager::DispatchEventBroadcast [0x00007FF626F27ED3+1319011]
Microsoft::Applications::Events::EventProperty::~EventProperty [0x00007FF626CF684C+851836]
Microsoft::Applications::Events::EventProperty::~EventProperty [0x00007FF626CF28B4+835556]
Microsoft::Applications::Events::EventProperty::~EventProperty [0x00007FF626CF2A0C+835900]
Microsoft::Applications::Events::EventProperty::~EventProperty [0x00007FF626CE85E1+793873]
BaseThreadInitThunk [0x00007FF9C7781FE4+20]
RtlUserThreadStart [0x00007FF9C9D0EF91+33]
]]>
            </message>
            <full-stacktrace>
              <![CDATA[org.openqa.selenium.WebDriverException: unknown error: cannot find msedge binary
Build info: version: '3.141.59', revision: 'e82be7d358', time: '2018-11-14T08:17:03'
System info: host: 'DESKTOP-2O8HHEU', ip: '192.168.1.65', os.name: 'Windows 10', os.arch: 'amd64', os.version: '10.0', java.version: '17.0.6'
Driver info: driver.version: EdgeDriver
remote stacktrace: Backtrace:
GetHandleVerifier [0x00007FF626D5DB32+60274]
Microsoft::Applications::Events::EventProperty::~EventProperty [0x00007FF626CEE792+818882]
(No symbol) [0x00007FF62696DFAE]
(No symbol) [0x00007FF626997DDD]
(No symbol) [0x00007FF62699440A]
(No symbol) [0x00007FF6269D7341]
(No symbol) [0x00007FF6269CF343]
(No symbol) [0x00007FF6269A1796]
(No symbol) [0x00007FF6269A0975]
(No symbol) [0x00007FF6269A1F04]
Microsoft::Applications::Events::EventProperties::SetLevel [0x00007FF626BF6C17+1676711]
Microsoft::Applications::Events::EventProperties::SetLevel [0x00007FF626A9EEDD+268397]
Microsoft::Applications::Events::EventProperty::~EventProperty [0x00007FF626C2F927+36951]
Microsoft::Applications::Events::EventProperty::~EventProperty [0x00007FF626C27A35+4453]
Microsoft::Applications::Events::ILogManager::DispatchEventBroadcast [0x00007FF626F27ED3+1319011]
Microsoft::Applications::Events::EventProperty::~EventProperty [0x00007FF626CF684C+851836]
Microsoft::Applications::Events::EventProperty::~EventProperty [0x00007FF626CF28B4+835556]
Microsoft::Applications::Events::EventProperty::~EventProperty [0x00007FF626CF2A0C+835900]
Microsoft::Applications::Events::EventProperty::~EventProperty [0x00007FF626CE85E1+793873]
BaseThreadInitThunk [0x00007FF9C7781FE4+20]
RtlUserThreadStart [0x00007FF9C9D0EF91+33]

at java.base/jdk.internal.reflect.NativeConstructorAccessorImpl.newInstance0(Native Method)
at java.base/jdk.internal.reflect.NativeConstructorAccessorImpl.newInstance(NativeConstructorAccessorImpl.java:77)
at java.base/jdk.internal.reflect.DelegatingConstructorAccessorImpl.newInstance(DelegatingConstructorAccessorImpl.java:45)
at java.base/java.lang.reflect.Constructor.newInstanceWithCaller(Constructor.java:499)
at java.base/java.lang.reflect.Constructor.newInstance(Constructor.java:480)
at org.openqa.selenium.remote.W3CHandshakeResponse.lambda$errorHandler$0(W3CHandshakeResponse.java:62)
at org.openqa.selenium.remote.HandshakeResponse.lambda$getResponseFunction$0(HandshakeResponse.java:30)
at org.openqa.selenium.remote.ProtocolHandshake.lambda$createSession$0(ProtocolHandshake.java:126)
at java.base/java.util.stream.ReferencePipeline$3$1.accept(ReferencePipeline.java:197)
at java.base/java.util.Spliterators$ArraySpliterator.tryAdvance(Spliterators.java:1002)
at java.base/java.util.stream.ReferencePipeline.forEachWithCancel(ReferencePipeline.java:129)
at java.base/java.util.stream.AbstractPipeline.copyIntoWithCancel(AbstractPipeline.java:527)
at java.base/java.util.stream.AbstractPipeline.copyInto(AbstractPipeline.java:513)
at java.base/java.util.stream.AbstractPipeline.wrapAndCopyInto(AbstractPipeline.java:499)
at java.base/java.util.stream.FindOps$FindOp.evaluateSequential(FindOps.java:150)
at java.base/java.util.stream.AbstractPipeline.evaluate(AbstractPipeline.java:234)
at java.base/java.util.stream.ReferencePipeline.findFirst(ReferencePipeline.java:647)
at org.openqa.selenium.remote.ProtocolHandshake.createSession(ProtocolHandshake.java:128)
at org.openqa.selenium.remote.ProtocolHandshake.createSession(ProtocolHandshake.java:74)
at org.openqa.selenium.remote.HttpCommandExecutor.execute(HttpCommandExecutor.java:136)
at org.openqa.selenium.remote.service.DriverCommandExecutor.execute(DriverCommandExecutor.java:83)
at org.openqa.selenium.remote.RemoteWebDriver.execute(RemoteWebDriver.java:552)
at org.openqa.selenium.remote.RemoteWebDriver.startSession(RemoteWebDriver.java:213)
at org.openqa.selenium.remote.RemoteWebDriver.<init>(RemoteWebDriver.java:131)
at org.openqa.selenium.edge.EdgeDriver.<init>(EdgeDriver.java:141)
at org.openqa.selenium.edge.EdgeDriver.<init>(EdgeDriver.java:96)
at org.Test.crossbrowser.tc1(crossbrowser.java:29)
at java.base/jdk.internal.reflect.NativeMethodAccessorImpl.invoke0(Native Method)
at java.base/jdk.internal.reflect.NativeMethodAccessorImpl.invoke(NativeMethodAccessorImpl.java:77)
at java.base/jdk.internal.reflect.DelegatingMethodAccessorImpl.invoke(DelegatingMethodAccessorImpl.java:43)
at java.base/java.lang.reflect.Method.invoke(Method.java:568)
at org.testng.internal.MethodInvocationHelper.invokeMethod(MethodInvocationHelper.java:133)
at org.testng.internal.TestInvoker.invokeMethod(TestInvoker.java:598)
at org.testng.internal.TestInvoker.invokeTestMethod(TestInvoker.java:173)
at org.testng.internal.MethodRunner.runInSequence(MethodRunner.java:46)
at org.testng.internal.TestInvoker$MethodInvocationAgent.invoke(TestInvoker.java:824)
at org.testng.internal.TestInvoker.invokeTestMethods(TestInvoker.java:146)
at org.testng.internal.TestMethodWorker.invokeTestMethods(TestMethodWorker.java:146)
at org.testng.internal.TestMethodWorker.run(TestMethodWorker.java:128)
at java.base/java.util.ArrayList.forEach(ArrayList.java:1511)
at org.testng.TestRunner.privateRun(TestRunner.java:794)
at org.testng.TestRunner.run(TestRunner.java:596)
at org.testng.SuiteRunner.runTest(SuiteRunner.java:377)
at org.testng.SuiteRunner.access$000(SuiteRunner.java:28)
at org.testng.SuiteRunner$SuiteWorker.run(SuiteRunner.java:418)
at org.testng.internal.thread.ThreadUtil.lambda$execute$0(ThreadUtil.java:64)
at java.base/java.util.concurrent.FutureTask.run(FutureTask.java:264)
at java.base/java.util.concurrent.ThreadPoolExecutor.runWorker(ThreadPoolExecutor.java:1136)
at java.base/java.util.concurrent.ThreadPoolExecutor$Worker.run(ThreadPoolExecutor.java:635)
at java.base/java.lang.Thread.run(Thread.java:833)
]]>
            </full-stacktrace>
          </exception> <!-- org.openqa.selenium.WebDriverException -->
          <reporter-output>
          </reporter-output>
        </test-method> <!-- tc1 -->
      </class> <!-- org.Test.crossbrowser -->
    </test> <!-- EdgeTest -->
    <test started-at="2023-05-05T21:13:23 IST" name="ChromeTest" finished-at="2023-05-05T21:13:44 IST" duration-ms="21768">
      <class name="org.Test.crossbrowser">
        <test-method signature="tc1(java.lang.String)[pri:0, instance:org.Test.crossbrowser@6d4e5011]" started-at="2023-05-05T21:13:23 IST" name="tc1" finished-at="2023-05-05T21:13:44 IST" duration-ms="21616" status="FAIL">
          <params>
            <param index="0">
              <value>
                <![CDATA[Chromebrowser]]>
              </value>
            </param>
          </params>
          <exception class="org.openqa.selenium.SessionNotCreatedException">
            <message>
              <![CDATA[session not created: This version of ChromeDriver only supports Chrome version 113
Current browser version is 112.0.5615.139 with binary path C:\Program Files\Google\Chrome\Application\chrome.exe
Build info: version: '3.141.59', revision: 'e82be7d358', time: '2018-11-14T08:17:03'
System info: host: 'DESKTOP-2O8HHEU', ip: '192.168.1.65', os.name: 'Windows 10', os.arch: 'amd64', os.version: '10.0', java.version: '17.0.6'
Driver info: driver.version: ChromeDriver
remote stacktrace: Backtrace:
GetHandleVerifier [0x00248893+48451]
(No symbol) [0x001DB8A1]
(No symbol) [0x000E5058]
(No symbol) [0x00105D9C]
(No symbol) [0x00101AA3]
(No symbol) [0x00100019]
(No symbol) [0x00130798]
(No symbol) [0x0013047C]
(No symbol) [0x0012A0B6]
(No symbol) [0x00107E08]
(No symbol) [0x00108F2D]
GetHandleVerifier [0x004A8E3A+2540266]
GetHandleVerifier [0x004E8959+2801161]
GetHandleVerifier [0x004E295C+2776588]
GetHandleVerifier [0x002D2280+612144]
(No symbol) [0x001E4F6C]
(No symbol) [0x001E11D8]
(No symbol) [0x001E12BB]
(No symbol) [0x001D4857]
BaseThreadInitThunk [0x76598654+36]
RtlGetAppContainerNamedObjectPath [0x77294A47+311]
RtlGetAppContainerNamedObjectPath [0x77294A17+263]
(No symbol) [0x00000000]
]]>
            </message>
            <full-stacktrace>
              <![CDATA[org.openqa.selenium.SessionNotCreatedException: session not created: This version of ChromeDriver only supports Chrome version 113
Current browser version is 112.0.5615.139 with binary path C:\Program Files\Google\Chrome\Application\chrome.exe
Build info: version: '3.141.59', revision: 'e82be7d358', time: '2018-11-14T08:17:03'
System info: host: 'DESKTOP-2O8HHEU', ip: '192.168.1.65', os.name: 'Windows 10', os.arch: 'amd64', os.version: '10.0', java.version: '17.0.6'
Driver info: driver.version: ChromeDriver
remote stacktrace: Backtrace:
GetHandleVerifier [0x00248893+48451]
(No symbol) [0x001DB8A1]
(No symbol) [0x000E5058]
(No symbol) [0x00105D9C]
(No symbol) [0x00101AA3]
(No symbol) [0x00100019]
(No symbol) [0x00130798]
(No symbol) [0x0013047C]
(No symbol) [0x0012A0B6]
(No symbol) [0x00107E08]
(No symbol) [0x00108F2D]
GetHandleVerifier [0x004A8E3A+2540266]
GetHandleVerifier [0x004E8959+2801161]
GetHandleVerifier [0x004E295C+2776588]
GetHandleVerifier [0x002D2280+612144]
(No symbol) [0x001E4F6C]
(No symbol) [0x001E11D8]
(No symbol) [0x001E12BB]
(No symbol) [0x001D4857]
BaseThreadInitThunk [0x76598654+36]
RtlGetAppContainerNamedObjectPath [0x77294A47+311]
RtlGetAppContainerNamedObjectPath [0x77294A17+263]
(No symbol) [0x00000000]

at java.base/jdk.internal.reflect.NativeConstructorAccessorImpl.newInstance0(Native Method)
at java.base/jdk.internal.reflect.NativeConstructorAccessorImpl.newInstance(NativeConstructorAccessorImpl.java:77)
at java.base/jdk.internal.reflect.DelegatingConstructorAccessorImpl.newInstance(DelegatingConstructorAccessorImpl.java:45)
at java.base/java.lang.reflect.Constructor.newInstanceWithCaller(Constructor.java:499)
at java.base/java.lang.reflect.Constructor.newInstance(Constructor.java:480)
at org.openqa.selenium.remote.W3CHandshakeResponse.lambda$errorHandler$0(W3CHandshakeResponse.java:62)
at org.openqa.selenium.remote.HandshakeResponse.lambda$getResponseFunction$0(HandshakeResponse.java:30)
at org.openqa.selenium.remote.ProtocolHandshake.lambda$createSession$0(ProtocolHandshake.java:126)
at java.base/java.util.stream.ReferencePipeline$3$1.accept(ReferencePipeline.java:197)
at java.base/java.util.Spliterators$ArraySpliterator.tryAdvance(Spliterators.java:1002)
at java.base/java.util.stream.ReferencePipeline.forEachWithCancel(ReferencePipeline.java:129)
at java.base/java.util.stream.AbstractPipeline.copyIntoWithCancel(AbstractPipeline.java:527)
at java.base/java.util.stream.AbstractPipeline.copyInto(AbstractPipeline.java:513)
at java.base/java.util.stream.AbstractPipeline.wrapAndCopyInto(AbstractPipeline.java:499)
at java.base/java.util.stream.FindOps$FindOp.evaluateSequential(FindOps.java:150)
at java.base/java.util.stream.AbstractPipeline.evaluate(AbstractPipeline.java:234)
at java.base/java.util.stream.ReferencePipeline.findFirst(ReferencePipeline.java:647)
at org.openqa.selenium.remote.ProtocolHandshake.createSession(ProtocolHandshake.java:128)
at org.openqa.selenium.remote.ProtocolHandshake.createSession(ProtocolHandshake.java:74)
at org.openqa.selenium.remote.HttpCommandExecutor.execute(HttpCommandExecutor.java:136)
at org.openqa.selenium.remote.service.DriverCommandExecutor.execute(DriverCommandExecutor.java:83)
at org.openqa.selenium.remote.RemoteWebDriver.execute(RemoteWebDriver.java:552)
at org.openqa.selenium.remote.RemoteWebDriver.startSession(RemoteWebDriver.java:213)
at org.openqa.selenium.remote.RemoteWebDriver.<init>(RemoteWebDriver.java:131)
at org.openqa.selenium.chrome.ChromeDriver.<init>(ChromeDriver.java:181)
at org.openqa.selenium.chrome.ChromeDriver.<init>(ChromeDriver.java:168)
at org.openqa.selenium.chrome.ChromeDriver.<init>(ChromeDriver.java:123)
at org.Test.crossbrowser.tc1(crossbrowser.java:21)
at java.base/jdk.internal.reflect.NativeMethodAccessorImpl.invoke0(Native Method)
at java.base/jdk.internal.reflect.NativeMethodAccessorImpl.invoke(NativeMethodAccessorImpl.java:77)
at java.base/jdk.internal.reflect.DelegatingMethodAccessorImpl.invoke(DelegatingMethodAccessorImpl.java:43)
at java.base/java.lang.reflect.Method.invoke(Method.java:568)
at org.testng.internal.MethodInvocationHelper.invokeMethod(MethodInvocationHelper.java:133)
at org.testng.internal.TestInvoker.invokeMethod(TestInvoker.java:598)
at org.testng.internal.TestInvoker.invokeTestMethod(TestInvoker.java:173)
at org.testng.internal.MethodRunner.runInSequence(MethodRunner.java:46)
at org.testng.internal.TestInvoker$MethodInvocationAgent.invoke(TestInvoker.java:824)
at org.testng.internal.TestInvoker.invokeTestMethods(TestInvoker.java:146)
at org.testng.internal.TestMethodWorker.invokeTestMethods(TestMethodWorker.java:146)
at org.testng.internal.TestMethodWorker.run(TestMethodWorker.java:128)
at java.base/java.util.ArrayList.forEach(ArrayList.java:1511)
at org.testng.TestRunner.privateRun(TestRunner.java:794)
at org.testng.TestRunner.run(TestRunner.java:596)
at org.testng.SuiteRunner.runTest(SuiteRunner.java:377)
at org.testng.SuiteRunner.access$000(SuiteRunner.java:28)
at org.testng.SuiteRunner$SuiteWorker.run(SuiteRunner.java:418)
at org.testng.internal.thread.ThreadUtil.lambda$execute$0(ThreadUtil.java:64)
at java.base/java.util.concurrent.FutureTask.run(FutureTask.java:264)
at java.base/java.util.concurrent.ThreadPoolExecutor.runWorker(ThreadPoolExecutor.java:1136)
at java.base/java.util.concurrent.ThreadPoolExecutor$Worker.run(ThreadPoolExecutor.java:635)
at java.base/java.lang.Thread.run(Thread.java:833)
]]>
            </full-stacktrace>
          </exception> <!-- org.openqa.selenium.SessionNotCreatedException -->
          <reporter-output>
          </reporter-output>
        </test-method> <!-- tc1 -->
      </class> <!-- org.Test.crossbrowser -->
    </test> <!-- ChromeTest -->
    <test started-at="2023-05-05T21:13:23 IST" name="FirefoxTest" finished-at="2023-05-05T21:14:17 IST" duration-ms="54700">
      <class name="org.Test.crossbrowser">
        <test-method signature="tc1(java.lang.String)[pri:0, instance:org.Test.crossbrowser@550dbc7a]" started-at="2023-05-05T21:13:23 IST" name="tc1" finished-at="2023-05-05T21:14:17 IST" duration-ms="54559" status="PASS">
          <params>
            <param index="0">
              <value>
                <![CDATA[Firefoxbrowser]]>
              </value>
            </param>
          </params>
          <reporter-output>
          </reporter-output>
        </test-method> <!-- tc1 -->
      </class> <!-- org.Test.crossbrowser -->
    </test> <!-- FirefoxTest -->
  </suite> <!-- Suite -->
</testng-results>
