<?xml version="1.0" encoding="UTF-8"?>
<!-- Generated by org.testng.reporters.JUnitReportReporter -->
<testsuite hostname="DESKTOP-2O8HHEU" failures="0" tests="3" name="org.Test.crossbrowser" time="91.518" errors="2" timestamp="2023-05-05T21:14:18 IST" skipped="0">
  <testcase classname="org.Test.crossbrowser" name="tc1" time="15.343">
    <error message="unknown error: cannot find msedge binary
Build info: version: &#039;3.141.59&#039;, revision: &#039;e82be7d358&#039;, time: &#039;2018-11-14T08:17:03&#039;
System info: host: &#039;DESKTOP-2O8HHEU&#039;, ip: &#039;192.168.1.65&#039;, os.name: &#039;Windows 10&#039;, os.arch: &#039;amd64&#039;, os.version: &#039;10.0&#039;, java.version: &#039;17.0.6&#039;
Driver info: driver.version: EdgeDriver
remote stacktrace: Backtrace:
	GetHandleVerifier [0x00007FF626D5DB32+60274]
	Microsoft::Applications::Events::EventProperty::~EventProperty [0x00007FF626CEE792+818882]
	(No symbol) [0x00007FF62696DFAE]
	(No symbol) [0x00007FF626997DDD]
	(No symbol) [0x00007FF62699440A]
	(No symbol) [0x00007FF6269D7341]
	(No symbol) [0x00007FF6269CF343]
	(No symbol) [0x00007FF6269A1796]
	(No symbol) [0x00007FF6269A0975]
	(No symbol) [0x00007FF6269A1F04]
	Microsoft::Applications::Events::EventProperties::SetLevel [0x00007FF626BF6C17+1676711]
	Microsoft::Applications::Events::EventProperties::SetLevel [0x00007FF626A9EEDD+268397]
	Microsoft::Applications::Events::EventProperty::~EventProperty [0x00007FF626C2F927+36951]
	Microsoft::Applications::Events::EventProperty::~EventProperty [0x00007FF626C27A35+4453]
	Microsoft::Applications::Events::ILogManager::DispatchEventBroadcast [0x00007FF626F27ED3+1319011]
	Microsoft::Applications::Events::EventProperty::~EventProperty [0x00007FF626CF684C+851836]
	Microsoft::Applications::Events::EventProperty::~EventProperty [0x00007FF626CF28B4+835556]
	Microsoft::Applications::Events::EventProperty::~EventProperty [0x00007FF626CF2A0C+835900]
	Microsoft::Applications::Events::EventProperty::~EventProperty [0x00007FF626CE85E1+793873]
	BaseThreadInitThunk [0x00007FF9C7781FE4+20]
	RtlUserThreadStart [0x00007FF9C9D0EF91+33]
" type="org.openqa.selenium.WebDriverException">
      <![CDATA[org.openqa.selenium.WebDriverException: unknown error: cannot find msedge binary
Build info: version: '3.141.59', revision: 'e82be7d358', time: '2018-11-14T08:17:03'
System info: host: 'DESKTOP-2O8HHEU', ip: '192.168.1.65', os.name: 'Windows 10', os.arch: 'amd64', os.version: '10.0', java.version: '17.0.6'
Driver info: driver.version: EdgeDriver
remote stacktrace: Backtrace:
GetHandleVerifier [0x00007FF626D5DB32+60274]
Microsoft::Applications::Events::EventProperty::~EventProperty [0x00007FF626CEE792+818882]
(No symbol) [0x00007FF62696DFAE]
(No symbol) [0x00007FF626997DDD]
(No symbol) [0x00007FF62699440A]
(No symbol) [0x00007FF6269D7341]
(No symbol) [0x00007FF6269CF343]
(No symbol) [0x00007FF6269A1796]
(No symbol) [0x00007FF6269A0975]
(No symbol) [0x00007FF6269A1F04]
Microsoft::Applications::Events::EventProperties::SetLevel [0x00007FF626BF6C17+1676711]
Microsoft::Applications::Events::EventProperties::SetLevel [0x00007FF626A9EEDD+268397]
Microsoft::Applications::Events::EventProperty::~EventProperty [0x00007FF626C2F927+36951]
Microsoft::Applications::Events::EventProperty::~EventProperty [0x00007FF626C27A35+4453]
Microsoft::Applications::Events::ILogManager::DispatchEventBroadcast [0x00007FF626F27ED3+1319011]
Microsoft::Applications::Events::EventProperty::~EventProperty [0x00007FF626CF684C+851836]
Microsoft::Applications::Events::EventProperty::~EventProperty [0x00007FF626CF28B4+835556]
Microsoft::Applications::Events::EventProperty::~EventProperty [0x00007FF626CF2A0C+835900]
Microsoft::Applications::Events::EventProperty::~EventProperty [0x00007FF626CE85E1+793873]
BaseThreadInitThunk [0x00007FF9C7781FE4+20]
RtlUserThreadStart [0x00007FF9C9D0EF91+33]

at java.base/jdk.internal.reflect.NativeConstructorAccessorImpl.newInstance0(Native Method)
at java.base/jdk.internal.reflect.NativeConstructorAccessorImpl.newInstance(NativeConstructorAccessorImpl.java:77)
at java.base/jdk.internal.reflect.DelegatingConstructorAccessorImpl.newInstance(DelegatingConstructorAccessorImpl.java:45)
at java.base/java.lang.reflect.Constructor.newInstanceWithCaller(Constructor.java:499)
at java.base/java.lang.reflect.Constructor.newInstance(Constructor.java:480)
at org.openqa.selenium.remote.W3CHandshakeResponse.lambda$errorHandler$0(W3CHandshakeResponse.java:62)
at org.openqa.selenium.remote.HandshakeResponse.lambda$getResponseFunction$0(HandshakeResponse.java:30)
at org.openqa.selenium.remote.ProtocolHandshake.lambda$createSession$0(ProtocolHandshake.java:126)
at java.base/java.util.stream.ReferencePipeline$3$1.accept(ReferencePipeline.java:197)
at java.base/java.util.Spliterators$ArraySpliterator.tryAdvance(Spliterators.java:1002)
at java.base/java.util.stream.ReferencePipeline.forEachWithCancel(ReferencePipeline.java:129)
at java.base/java.util.stream.AbstractPipeline.copyIntoWithCancel(AbstractPipeline.java:527)
at java.base/java.util.stream.AbstractPipeline.copyInto(AbstractPipeline.java:513)
at java.base/java.util.stream.AbstractPipeline.wrapAndCopyInto(AbstractPipeline.java:499)
at java.base/java.util.stream.FindOps$FindOp.evaluateSequential(FindOps.java:150)
at java.base/java.util.stream.AbstractPipeline.evaluate(AbstractPipeline.java:234)
at java.base/java.util.stream.ReferencePipeline.findFirst(ReferencePipeline.java:647)
at org.openqa.selenium.remote.ProtocolHandshake.createSession(ProtocolHandshake.java:128)
at org.openqa.selenium.remote.ProtocolHandshake.createSession(ProtocolHandshake.java:74)
at org.openqa.selenium.remote.HttpCommandExecutor.execute(HttpCommandExecutor.java:136)
at org.openqa.selenium.remote.service.DriverCommandExecutor.execute(DriverCommandExecutor.java:83)
at org.openqa.selenium.remote.RemoteWebDriver.execute(RemoteWebDriver.java:552)
at org.openqa.selenium.remote.RemoteWebDriver.startSession(RemoteWebDriver.java:213)
at org.openqa.selenium.remote.RemoteWebDriver.<init>(RemoteWebDriver.java:131)
at org.openqa.selenium.edge.EdgeDriver.<init>(EdgeDriver.java:141)
at org.openqa.selenium.edge.EdgeDriver.<init>(EdgeDriver.java:96)
at org.Test.crossbrowser.tc1(crossbrowser.java:29)
at java.base/jdk.internal.reflect.NativeMethodAccessorImpl.invoke0(Native Method)
at java.base/jdk.internal.reflect.NativeMethodAccessorImpl.invoke(NativeMethodAccessorImpl.java:77)
at java.base/jdk.internal.reflect.DelegatingMethodAccessorImpl.invoke(DelegatingMethodAccessorImpl.java:43)
at java.base/java.lang.reflect.Method.invoke(Method.java:568)
at org.testng.internal.MethodInvocationHelper.invokeMethod(MethodInvocationHelper.java:133)
at org.testng.internal.TestInvoker.invokeMethod(TestInvoker.java:598)
at org.testng.internal.TestInvoker.invokeTestMethod(TestInvoker.java:173)
at org.testng.internal.MethodRunner.runInSequence(MethodRunner.java:46)
at org.testng.internal.TestInvoker$MethodInvocationAgent.invoke(TestInvoker.java:824)
at org.testng.internal.TestInvoker.invokeTestMethods(TestInvoker.java:146)
at org.testng.internal.TestMethodWorker.invokeTestMethods(TestMethodWorker.java:146)
at org.testng.internal.TestMethodWorker.run(TestMethodWorker.java:128)
at java.base/java.util.ArrayList.forEach(ArrayList.java:1511)
at org.testng.TestRunner.privateRun(TestRunner.java:794)
at org.testng.TestRunner.run(TestRunner.java:596)
at org.testng.SuiteRunner.runTest(SuiteRunner.java:377)
at org.testng.SuiteRunner.access$000(SuiteRunner.java:28)
at org.testng.SuiteRunner$SuiteWorker.run(SuiteRunner.java:418)
at org.testng.internal.thread.ThreadUtil.lambda$execute$0(ThreadUtil.java:64)
at java.base/java.util.concurrent.FutureTask.run(FutureTask.java:264)
at java.base/java.util.concurrent.ThreadPoolExecutor.runWorker(ThreadPoolExecutor.java:1136)
at java.base/java.util.concurrent.ThreadPoolExecutor$Worker.run(ThreadPoolExecutor.java:635)
at java.base/java.lang.Thread.run(Thread.java:833)
]]>
    </error>
  </testcase> <!-- tc1 -->
  <system-out/>
  <testcase classname="org.Test.crossbrowser" name="tc1" time="54.559"/>
  <system-out/>
  <testcase classname="org.Test.crossbrowser" name="tc1" time="21.616">
    <error message="session not created: This version of ChromeDriver only supports Chrome version 113
Current browser version is 112.0.5615.139 with binary path C:\Program Files\Google\Chrome\Application\chrome.exe
Build info: version: &#039;3.141.59&#039;, revision: &#039;e82be7d358&#039;, time: &#039;2018-11-14T08:17:03&#039;
System info: host: &#039;DESKTOP-2O8HHEU&#039;, ip: &#039;192.168.1.65&#039;, os.name: &#039;Windows 10&#039;, os.arch: &#039;amd64&#039;, os.version: &#039;10.0&#039;, java.version: &#039;17.0.6&#039;
Driver info: driver.version: ChromeDriver
remote stacktrace: Backtrace:
	GetHandleVerifier [0x00248893+48451]
	(No symbol) [0x001DB8A1]
	(No symbol) [0x000E5058]
	(No symbol) [0x00105D9C]
	(No symbol) [0x00101AA3]
	(No symbol) [0x00100019]
	(No symbol) [0x00130798]
	(No symbol) [0x0013047C]
	(No symbol) [0x0012A0B6]
	(No symbol) [0x00107E08]
	(No symbol) [0x00108F2D]
	GetHandleVerifier [0x004A8E3A+2540266]
	GetHandleVerifier [0x004E8959+2801161]
	GetHandleVerifier [0x004E295C+2776588]
	GetHandleVerifier [0x002D2280+612144]
	(No symbol) [0x001E4F6C]
	(No symbol) [0x001E11D8]
	(No symbol) [0x001E12BB]
	(No symbol) [0x001D4857]
	BaseThreadInitThunk [0x76598654+36]
	RtlGetAppContainerNamedObjectPath [0x77294A47+311]
	RtlGetAppContainerNamedObjectPath [0x77294A17+263]
	(No symbol) [0x00000000]
" type="org.openqa.selenium.SessionNotCreatedException">
      <![CDATA[org.openqa.selenium.SessionNotCreatedException: session not created: This version of ChromeDriver only supports Chrome version 113
Current browser version is 112.0.5615.139 with binary path C:\Program Files\Google\Chrome\Application\chrome.exe
Build info: version: '3.141.59', revision: 'e82be7d358', time: '2018-11-14T08:17:03'
System info: host: 'DESKTOP-2O8HHEU', ip: '192.168.1.65', os.name: 'Windows 10', os.arch: 'amd64', os.version: '10.0', java.version: '17.0.6'
Driver info: driver.version: ChromeDriver
remote stacktrace: Backtrace:
GetHandleVerifier [0x00248893+48451]
(No symbol) [0x001DB8A1]
(No symbol) [0x000E5058]
(No symbol) [0x00105D9C]
(No symbol) [0x00101AA3]
(No symbol) [0x00100019]
(No symbol) [0x00130798]
(No symbol) [0x0013047C]
(No symbol) [0x0012A0B6]
(No symbol) [0x00107E08]
(No symbol) [0x00108F2D]
GetHandleVerifier [0x004A8E3A+2540266]
GetHandleVerifier [0x004E8959+2801161]
GetHandleVerifier [0x004E295C+2776588]
GetHandleVerifier [0x002D2280+612144]
(No symbol) [0x001E4F6C]
(No symbol) [0x001E11D8]
(No symbol) [0x001E12BB]
(No symbol) [0x001D4857]
BaseThreadInitThunk [0x76598654+36]
RtlGetAppContainerNamedObjectPath [0x77294A47+311]
RtlGetAppContainerNamedObjectPath [0x77294A17+263]
(No symbol) [0x00000000]

at java.base/jdk.internal.reflect.NativeConstructorAccessorImpl.newInstance0(Native Method)
at java.base/jdk.internal.reflect.NativeConstructorAccessorImpl.newInstance(NativeConstructorAccessorImpl.java:77)
at java.base/jdk.internal.reflect.DelegatingConstructorAccessorImpl.newInstance(DelegatingConstructorAccessorImpl.java:45)
at java.base/java.lang.reflect.Constructor.newInstanceWithCaller(Constructor.java:499)
at java.base/java.lang.reflect.Constructor.newInstance(Constructor.java:480)
at org.openqa.selenium.remote.W3CHandshakeResponse.lambda$errorHandler$0(W3CHandshakeResponse.java:62)
at org.openqa.selenium.remote.HandshakeResponse.lambda$getResponseFunction$0(HandshakeResponse.java:30)
at org.openqa.selenium.remote.ProtocolHandshake.lambda$createSession$0(ProtocolHandshake.java:126)
at java.base/java.util.stream.ReferencePipeline$3$1.accept(ReferencePipeline.java:197)
at java.base/java.util.Spliterators$ArraySpliterator.tryAdvance(Spliterators.java:1002)
at java.base/java.util.stream.ReferencePipeline.forEachWithCancel(ReferencePipeline.java:129)
at java.base/java.util.stream.AbstractPipeline.copyIntoWithCancel(AbstractPipeline.java:527)
at java.base/java.util.stream.AbstractPipeline.copyInto(AbstractPipeline.java:513)
at java.base/java.util.stream.AbstractPipeline.wrapAndCopyInto(AbstractPipeline.java:499)
at java.base/java.util.stream.FindOps$FindOp.evaluateSequential(FindOps.java:150)
at java.base/java.util.stream.AbstractPipeline.evaluate(AbstractPipeline.java:234)
at java.base/java.util.stream.ReferencePipeline.findFirst(ReferencePipeline.java:647)
at org.openqa.selenium.remote.ProtocolHandshake.createSession(ProtocolHandshake.java:128)
at org.openqa.selenium.remote.ProtocolHandshake.createSession(ProtocolHandshake.java:74)
at org.openqa.selenium.remote.HttpCommandExecutor.execute(HttpCommandExecutor.java:136)
at org.openqa.selenium.remote.service.DriverCommandExecutor.execute(DriverCommandExecutor.java:83)
at org.openqa.selenium.remote.RemoteWebDriver.execute(RemoteWebDriver.java:552)
at org.openqa.selenium.remote.RemoteWebDriver.startSession(RemoteWebDriver.java:213)
at org.openqa.selenium.remote.RemoteWebDriver.<init>(RemoteWebDriver.java:131)
at org.openqa.selenium.chrome.ChromeDriver.<init>(ChromeDriver.java:181)
at org.openqa.selenium.chrome.ChromeDriver.<init>(ChromeDriver.java:168)
at org.openqa.selenium.chrome.ChromeDriver.<init>(ChromeDriver.java:123)
at org.Test.crossbrowser.tc1(crossbrowser.java:21)
at java.base/jdk.internal.reflect.NativeMethodAccessorImpl.invoke0(Native Method)
at java.base/jdk.internal.reflect.NativeMethodAccessorImpl.invoke(NativeMethodAccessorImpl.java:77)
at java.base/jdk.internal.reflect.DelegatingMethodAccessorImpl.invoke(DelegatingMethodAccessorImpl.java:43)
at java.base/java.lang.reflect.Method.invoke(Method.java:568)
at org.testng.internal.MethodInvocationHelper.invokeMethod(MethodInvocationHelper.java:133)
at org.testng.internal.TestInvoker.invokeMethod(TestInvoker.java:598)
at org.testng.internal.TestInvoker.invokeTestMethod(TestInvoker.java:173)
at org.testng.internal.MethodRunner.runInSequence(MethodRunner.java:46)
at org.testng.internal.TestInvoker$MethodInvocationAgent.invoke(TestInvoker.java:824)
at org.testng.internal.TestInvoker.invokeTestMethods(TestInvoker.java:146)
at org.testng.internal.TestMethodWorker.invokeTestMethods(TestMethodWorker.java:146)
at org.testng.internal.TestMethodWorker.run(TestMethodWorker.java:128)
at java.base/java.util.ArrayList.forEach(ArrayList.java:1511)
at org.testng.TestRunner.privateRun(TestRunner.java:794)
at org.testng.TestRunner.run(TestRunner.java:596)
at org.testng.SuiteRunner.runTest(SuiteRunner.java:377)
at org.testng.SuiteRunner.access$000(SuiteRunner.java:28)
at org.testng.SuiteRunner$SuiteWorker.run(SuiteRunner.java:418)
at org.testng.internal.thread.ThreadUtil.lambda$execute$0(ThreadUtil.java:64)
at java.base/java.util.concurrent.FutureTask.run(FutureTask.java:264)
at java.base/java.util.concurrent.ThreadPoolExecutor.runWorker(ThreadPoolExecutor.java:1136)
at java.base/java.util.concurrent.ThreadPoolExecutor$Worker.run(ThreadPoolExecutor.java:635)
at java.base/java.lang.Thread.run(Thread.java:833)
]]>
    </error>
  </testcase> <!-- tc1 -->
  <system-out/>
</testsuite> <!-- org.Test.crossbrowser -->
